<?xml version="1.0" encoding="UTF-8"?>
<!-- Generated by org.testng.reporters.JUnitXMLReporter -->
<testsuite ignored="1" hostname="DESKTOP-VC5SNKN" failures="1" tests="2" name="Test" time="29.752" errors="0" timestamp="2022-08-18T20:28:11 GMT-06:00">
  <testcase classname="testCases.TC_001_AccountRegistrationTest" name="test_account_registration" time="6.743"/>
  <testcase classname="testCases.TC_002_LoginTest" name="test_Login" time="12.195">
    <failure type="java.lang.AssertionError" message="expected [true] but found [false]">
      <![CDATA[java.lang.AssertionError: expected [true] but found [false]
at testCases.TC_002_LoginTest.test_Login(TC_002_LoginTest.java:31)
at java.base/java.util.ArrayList.forEach(ArrayList.java:1511)
... Removed 33 stack frames]]>
    </failure>
  </testcase> <!-- test_Login -->
  <testcase classname="testCases.TC_003_LoginDataDrivenTest" name="test_LoginDDT" time="0.0">
    <ignored/>
  </testcase> <!-- test_LoginDDT -->
</testsuite> <!-- Test -->
