<?xml version="1.0" encoding="UTF-8"?>
<testng-results ignored="0" total="2" passed="2" failed="0" skipped="0">
  <reporter-output>
  </reporter-output>
  <suite started-at="2022-08-19T21:22:47 GMT-06:00" name="Suite" finished-at="2022-08-19T21:23:01 GMT-06:00" duration-ms="14327">
    <groups>
      <group name="regression">
        <method signature="TC_001_AccountRegistrationTest.test_account_registration()[pri:0, instance:testCases.TC_001_AccountRegistrationTest@6c80d78a]" name="test_account_registration" class="testCases.TC_001_AccountRegistrationTest"/>
      </group> <!-- regression -->
      <group name="sanity">
        <method signature="TC_002_LoginTest.test_Login()[pri:0, instance:testCases.TC_002_LoginTest@8dbdac1]" name="test_Login" class="testCases.TC_002_LoginTest"/>
      </group> <!-- sanity -->
      <group name="master">
        <method signature="TC_001_AccountRegistrationTest.test_account_registration()[pri:0, instance:testCases.TC_001_AccountRegistrationTest@6c80d78a]" name="test_account_registration" class="testCases.TC_001_AccountRegistrationTest"/>
        <method signature="TC_002_LoginTest.test_Login()[pri:0, instance:testCases.TC_002_LoginTest@8dbdac1]" name="test_Login" class="testCases.TC_002_LoginTest"/>
      </group> <!-- master -->
    </groups>
    <test started-at="2022-08-19T21:22:47 GMT-06:00" name="Test" finished-at="2022-08-19T21:23:01 GMT-06:00" duration-ms="14327">
      <class name="testCases.TC_001_AccountRegistrationTest">
        <test-method is-config="true" signature="setup(java.lang.String)[pri:0, instance:testCases.TC_001_AccountRegistrationTest@6c80d78a]" started-at="2022-08-19T21:22:47 GMT-06:00" name="setup" finished-at="2022-08-19T21:22:51 GMT-06:00" duration-ms="3892" status="PASS">
          <params>
            <param index="0">
              <value>
                <![CDATA[chrome]]>
              </value>
            </param>
          </params>
          <reporter-output>
          </reporter-output>
        </test-method> <!-- setup -->
        <test-method signature="test_account_registration()[pri:0, instance:testCases.TC_001_AccountRegistrationTest@6c80d78a]" started-at="2022-08-19T21:22:51 GMT-06:00" name="test_account_registration" finished-at="2022-08-19T21:22:55 GMT-06:00" duration-ms="4145" status="PASS">
          <reporter-output>
          </reporter-output>
        </test-method> <!-- test_account_registration -->
        <test-method is-config="true" signature="tearDown()[pri:0, instance:testCases.TC_001_AccountRegistrationTest@6c80d78a]" started-at="2022-08-19T21:22:55 GMT-06:00" name="tearDown" finished-at="2022-08-19T21:22:57 GMT-06:00" duration-ms="1214" status="PASS">
          <reporter-output>
          </reporter-output>
        </test-method> <!-- tearDown -->
      </class> <!-- testCases.TC_001_AccountRegistrationTest -->
      <class name="testCases.TC_002_LoginTest">
        <test-method is-config="true" signature="setup(java.lang.String)[pri:0, instance:testCases.TC_002_LoginTest@8dbdac1]" started-at="2022-08-19T21:22:57 GMT-06:00" name="setup" finished-at="2022-08-19T21:22:59 GMT-06:00" duration-ms="2778" status="PASS">
          <params>
            <param index="0">
              <value>
                <![CDATA[chrome]]>
              </value>
            </param>
          </params>
          <reporter-output>
          </reporter-output>
        </test-method> <!-- setup -->
        <test-method signature="test_Login()[pri:0, instance:testCases.TC_002_LoginTest@8dbdac1]" started-at="2022-08-19T21:22:59 GMT-06:00" name="test_Login" finished-at="2022-08-19T21:23:01 GMT-06:00" duration-ms="1643" status="PASS">
          <reporter-output>
          </reporter-output>
        </test-method> <!-- test_Login -->
        <test-method is-config="true" signature="tearDown()[pri:0, instance:testCases.TC_002_LoginTest@8dbdac1]" started-at="2022-08-19T21:23:01 GMT-06:00" name="tearDown" finished-at="2022-08-19T21:23:01 GMT-06:00" duration-ms="254" status="PASS">
          <reporter-output>
          </reporter-output>
        </test-method> <!-- tearDown -->
      </class> <!-- testCases.TC_002_LoginTest -->
    </test> <!-- Test -->
  </suite> <!-- Suite -->
</testng-results>
