<?xml version="1.0" encoding="UTF-8"?>
<testng-results ignored="0" total="1" passed="1" failed="0" skipped="0">
  <reporter-output>
  </reporter-output>
  <suite started-at="2022-08-24T19:47:08 GMT-06:00" name="Suite" finished-at="2022-08-24T19:47:55 GMT-06:00" duration-ms="46656">
    <groups>
    </groups>
    <test started-at="2022-08-24T19:47:08 GMT-06:00" name="Test" finished-at="2022-08-24T19:47:55 GMT-06:00" duration-ms="46656">
      <class name="testCases.TC_006_EndToEndTest">
        <test-method is-config="true" signature="setup(java.lang.String)[pri:0, instance:testCases.TC_006_EndToEndTest@409bf450]" started-at="2022-08-24T19:47:08 GMT-06:00" name="setup" finished-at="2022-08-24T19:47:13 GMT-06:00" duration-ms="5152" status="PASS">
          <params>
            <param index="0">
              <value>
                <![CDATA[chrome]]>
              </value>
            </param>
          </params>
          <reporter-output>
          </reporter-output>
        </test-method> <!-- setup -->
        <test-method signature="endToendTest()[pri:0, instance:testCases.TC_006_EndToEndTest@409bf450]" started-at="2022-08-24T19:47:13 GMT-06:00" name="endToendTest" finished-at="2022-08-24T19:47:54 GMT-06:00" duration-ms="40870" status="PASS">
          <reporter-output>
          </reporter-output>
        </test-method> <!-- endToendTest -->
        <test-method is-config="true" signature="tearDown()[pri:0, instance:testCases.TC_006_EndToEndTest@409bf450]" started-at="2022-08-24T19:47:54 GMT-06:00" name="tearDown" finished-at="2022-08-24T19:47:55 GMT-06:00" duration-ms="315" status="PASS">
          <reporter-output>
          </reporter-output>
        </test-method> <!-- tearDown -->
      </class> <!-- testCases.TC_006_EndToEndTest -->
    </test> <!-- Test -->
  </suite> <!-- Suite -->
</testng-results>
